Checking dependencies:
/Users/michaelklein/.local/bin/graphmod
/usr/local/bin/dot
Args reference:

  0. to_clone     (required)
https://github.com/jgm/pandoc.git
  1. out_dir      (default is '.')

  2. out_filename (default is "animated_modules_#{to_clone.gsub(/W+/, '_')}.gif"

  3. temp_dir     (default is random-ish)

Checking out: 588af3cc7876e0e0d91112f396d999a1d4d9aa73, 0/10310
Building graph: animate_modules_588af3cc7876e0e0d91112f396d999a1d4d9aa73_0.dot
rendering graph
Checking out: 42e690d1b2da5f7111c6d7918e9311f5cdc7a335, 1/10310
Building graph: animate_modules_42e690d1b2da5f7111c6d7918e9311f5cdc7a335_1.dot
graph was duplicate
Checking out: 0d53efeddb34ecafefecb731d5b90b98571cefa2, 2/10310
Building graph: animate_modules_0d53efeddb34ecafefecb731d5b90b98571cefa2_2.dot
graph was duplicate
Checking out: 63a2507d0e35036d784eb84badb75811f70a5fb9, 3/10310
Building graph: animate_modules_63a2507d0e35036d784eb84badb75811f70a5fb9_3.dot
graph was duplicate
Checking out: 80528eaeb640fc5beff5b4028872f5868d8c36e0, 4/10310
Building graph: animate_modules_80528eaeb640fc5beff5b4028872f5868d8c36e0_4.dot
graph was duplicate
Checking out: 422c0d8dd123290516474d7809e58e953c89f538, 5/10310
Building graph: animate_modules_422c0d8dd123290516474d7809e58e953c89f538_5.dot
graph was duplicate
Checking out: 8ec82f89f8f3c88fdb50f56456b3f62ed2117319, 6/10310
Building graph: animate_modules_8ec82f89f8f3c88fdb50f56456b3f62ed2117319_6.dot
graph was duplicate
Checking out: 1bc2186425cc61f75f6da32b91660c50f4a6dd0d, 7/10310
Building graph: animate_modules_1bc2186425cc61f75f6da32b91660c50f4a6dd0d_7.dot
graph was duplicate
Checking out: ca8cd38bdca72d1db4ba740481c48e3705b6ee63, 8/10310
Building graph: animate_modules_ca8cd38bdca72d1db4ba740481c48e3705b6ee63_8.dot
graph was duplicate
Checking out: fcbec16e573e6f6bcab2775f48a3ad0a2e1a540f, 9/10310
Building graph: animate_modules_fcbec16e573e6f6bcab2775f48a3ad0a2e1a540f_9.dot
graph was duplicate
Checking out: 0482edadbd87f7d981c965f8b3ec04c4b9d102d0, 10/10310
Building graph: animate_modules_0482edadbd87f7d981c965f8b3ec04c4b9d102d0_10.dot
graph was duplicate
Checking out: c1014167b5c3c2446be3c4e8d10f946979e0737b, 11/10310
Building graph: animate_modules_c1014167b5c3c2446be3c4e8d10f946979e0737b_11.dot
rendering graph
Checking out: d987a9d1142c092798694c650856ed0c371641ac, 12/10310
Building graph: animate_modules_d987a9d1142c092798694c650856ed0c371641ac_12.dot
graph was duplicate
Checking out: 24acb714c185139ef3a02a7437cd1c64f85c0198, 13/10310
Building graph: animate_modules_24acb714c185139ef3a02a7437cd1c64f85c0198_13.dot
graph was duplicate
Checking out: 004f60bf265f7e76ca59ea49ae1070e8d09d1ce7, 14/10310
Building graph: animate_modules_004f60bf265f7e76ca59ea49ae1070e8d09d1ce7_14.dot
graph was duplicate
Checking out: 95d602d3b7df8946f236aaad310bedf8fdc2e09f, 15/10310
Building graph: animate_modules_95d602d3b7df8946f236aaad310bedf8fdc2e09f_15.dot
graph was duplicate
Checking out: ae8c0cdba82c9cfb847025c3f5ca410407b0fb96, 16/10310
Building graph: animate_modules_ae8c0cdba82c9cfb847025c3f5ca410407b0fb96_16.dot
graph was duplicate
Checking out: 404706d29a8f45b43ef2ef13e93d1786dde863a0, 17/10310
Building graph: animate_modules_404706d29a8f45b43ef2ef13e93d1786dde863a0_17.dot
rendering graph
Checking out: b2268b1fc743904903cec5e1a78bc1fe10ed62b5, 18/10310
Building graph: animate_modules_b2268b1fc743904903cec5e1a78bc1fe10ed62b5_18.dot
graph was duplicate
Checking out: 551d8e8541cd056a2c8c81095e98e01bca4436d6, 19/10310
Building graph: animate_modules_551d8e8541cd056a2c8c81095e98e01bca4436d6_19.dot
graph was duplicate
Checking out: f5f0b76636dcf568d6afa53783fb8dc2d36c74b3, 20/10310
Building graph: animate_modules_f5f0b76636dcf568d6afa53783fb8dc2d36c74b3_20.dot
graph was duplicate
Checking out: 6910267abfa7d5a1743589d301e7b9ecf2a54e4f, 21/10310
Building graph: animate_modules_6910267abfa7d5a1743589d301e7b9ecf2a54e4f_21.dot
graph was duplicate
Checking out: c6a55f8e9f189d2cda279ff2ee5f17e516490942, 22/10310
Building graph: animate_modules_c6a55f8e9f189d2cda279ff2ee5f17e516490942_22.dot
graph was duplicate
Checking out: e408ae6278482b67c8995ebbc7239c30bdf480d1, 23/10310
Building graph: animate_modules_e408ae6278482b67c8995ebbc7239c30bdf480d1_23.dot
graph was duplicate
Checking out: f79a6f11631f9e26b7a4113f846b22b34593f190, 24/10310
Building graph: animate_modules_f79a6f11631f9e26b7a4113f846b22b34593f190_24.dot
graph was duplicate
Checking out: 4b7bc40e8ba5a0981bd6429f48fa6acdb21d5d69, 25/10310
Building graph: animate_modules_4b7bc40e8ba5a0981bd6429f48fa6acdb21d5d69_25.dot
graph was duplicate
Checking out: f114153481b81320e73e55cc5524680cd8f5ebfc, 26/10310
Building graph: animate_modules_f114153481b81320e73e55cc5524680cd8f5ebfc_26.dot
graph was duplicate
Checking out: b010113f3f63f5ca936942ba48a4ea823470ba8b, 27/10310
Building graph: animate_modules_b010113f3f63f5ca936942ba48a4ea823470ba8b_27.dot
rendering graph
Checking out: a7d131cf442f6d93f1e3183d26b855ca5f7112af, 28/10310
Building graph: animate_modules_a7d131cf442f6d93f1e3183d26b855ca5f7112af_28.dot
rendering graph
Checking out: 0e16155aaf9d6df2c5dde07db5e385781280f8bd, 29/10310
Building graph: animate_modules_0e16155aaf9d6df2c5dde07db5e385781280f8bd_29.dot
graph was duplicate
Checking out: a1397ee0814bfd750cb0855a87734008778b0207, 30/10310
Building graph: animate_modules_a1397ee0814bfd750cb0855a87734008778b0207_30.dot
rendering graph
Checking out: 01ea3edf0f5e83542bdec4f399d22f78e8f690a6, 31/10310
Building graph: animate_modules_01ea3edf0f5e83542bdec4f399d22f78e8f690a6_31.dot
graph was duplicate
Checking out: 39f3d67848245ea7c89257db7ad8b69942ffdde5, 32/10310
Building graph: animate_modules_39f3d67848245ea7c89257db7ad8b69942ffdde5_32.dot
graph was duplicate
Checking out: 2cd5b55d51002bb2a8d107a47c5b5b53a42da0fd, 33/10310
Building graph: animate_modules_2cd5b55d51002bb2a8d107a47c5b5b53a42da0fd_33.dot
graph was duplicate
Checking out: 3156722ac413ddbc200dfcfdabcf08e7c2e1875d, 34/10310
Building graph: animate_modules_3156722ac413ddbc200dfcfdabcf08e7c2e1875d_34.dot
graph was duplicate
Checking out: 2c0054048553565d3ccdd3b7e415fc001d70859c, 35/10310
Building graph: animate_modules_2c0054048553565d3ccdd3b7e415fc001d70859c_35.dot
graph was duplicate
Checking out: 9184e1a55b60d3044e19c3a7896e55ba629219ea, 36/10310
Building graph: animate_modules_9184e1a55b60d3044e19c3a7896e55ba629219ea_36.dot
graph was duplicate
Checking out: 615a99c2c20782daae5de38854025e2d40d85f29, 37/10310
Building graph: animate_modules_615a99c2c20782daae5de38854025e2d40d85f29_37.dot
graph was duplicate
Checking out: d9584d73f94501787026c57b77d217e51f21505d, 38/10310
Building graph: animate_modules_d9584d73f94501787026c57b77d217e51f21505d_38.dot
graph was duplicate
Checking out: cd80b8d76f4a09eee12dab856a1530d549c062ac, 39/10310
Building graph: animate_modules_cd80b8d76f4a09eee12dab856a1530d549c062ac_39.dot
graph was duplicate
Checking out: 4debcf7bdc38fb44d9fb53d37251e7aac2c5c82e, 40/10310
Building graph: animate_modules_4debcf7bdc38fb44d9fb53d37251e7aac2c5c82e_40.dot
graph was duplicate
Checking out: e5abee82f261fed308eb45cef05c79eff9f7143c, 41/10310
Building graph: animate_modules_e5abee82f261fed308eb45cef05c79eff9f7143c_41.dot
graph was duplicate
Checking out: 431f6166fa7dc6670fb5cff4a9bd5499c67e0bed, 42/10310
Building graph: animate_modules_431f6166fa7dc6670fb5cff4a9bd5499c67e0bed_42.dot
graph was duplicate
Checking out: 90dcd0bc8795796583a6c895d15827b1c99cfb75, 43/10310
Building graph: animate_modules_90dcd0bc8795796583a6c895d15827b1c99cfb75_43.dot
rendering graph
Checking out: 64c4451ef3b55a6c545de232af62780e0f5766d7, 44/10310
Building graph: animate_modules_64c4451ef3b55a6c545de232af62780e0f5766d7_44.dot
graph was duplicate
Checking out: 15772896720f082cbaa44e5e556e6db1c9229756, 45/10310
Building graph: animate_modules_15772896720f082cbaa44e5e556e6db1c9229756_45.dot
graph was duplicate
Checking out: e7d95cadf537909bcb1e7d17d4545932d6bb34bc, 46/10310
Building graph: animate_modules_e7d95cadf537909bcb1e7d17d4545932d6bb34bc_46.dot
graph was duplicate
Checking out: 485535464df27f5c2e2dd144650af318bde239c1, 47/10310
Building graph: animate_modules_485535464df27f5c2e2dd144650af318bde239c1_47.dot
graph was duplicate
Checking out: 50b64bcf1c61e21402611d50fb23609b62b5c9c2, 48/10310
Building graph: animate_modules_50b64bcf1c61e21402611d50fb23609b62b5c9c2_48.dot
graph was duplicate
Checking out: 2c7160455484a625fd7398f018085f7b4aaf995a, 49/10310
Building graph: animate_modules_2c7160455484a625fd7398f018085f7b4aaf995a_49.dot
graph was duplicate
Checking out: e0cb0dab1821e93e50e8b8006ef569bdeee9a248, 50/10310
Building graph: animate_modules_e0cb0dab1821e93e50e8b8006ef569bdeee9a248_50.dot
graph was duplicate
Checking out: e5e69e68c90b1afefa901df689aeee1924737741, 51/10310
Building graph: animate_modules_e5e69e68c90b1afefa901df689aeee1924737741_51.dot
graph was duplicate
Checking out: dca0032b0ebf99f374b3d8fc3942abfc3955de40, 52/10310
Building graph: animate_modules_dca0032b0ebf99f374b3d8fc3942abfc3955de40_52.dot
graph was duplicate
Checking out: 44222e0373f47c986833a609271d495d55ff48de, 53/10310
Building graph: animate_modules_44222e0373f47c986833a609271d495d55ff48de_53.dot
graph was duplicate
Checking out: 944ed5e0987e5069bfe70504e948f45a84f57324, 54/10310
Building graph: animate_modules_944ed5e0987e5069bfe70504e948f45a84f57324_54.dot
graph was duplicate
Checking out: 9fdd266677410e7a90e72bb87013cd5043433d59, 55/10310
Building graph: animate_modules_9fdd266677410e7a90e72bb87013cd5043433d59_55.dot
graph was duplicate
Checking out: 1d639456d3371a52a17dfa41bb81327d089b41f9, 56/10310
Building graph: animate_modules_1d639456d3371a52a17dfa41bb81327d089b41f9_56.dot
graph was duplicate
Checking out: e08776b9d51a90e9f948f8f5dd2c3c2588d50942, 57/10310
Building graph: animate_modules_e08776b9d51a90e9f948f8f5dd2c3c2588d50942_57.dot
graph was duplicate
Checking out: a842d3ae7d511267dddb7ec1fef04e58495d08ce, 58/10310
Building graph: animate_modules_a842d3ae7d511267dddb7ec1fef04e58495d08ce_58.dot
graph was duplicate
Checking out: 194f08d17a0ba695187f99e2494977fb9bca53ef, 59/10310
Building graph: animate_modules_194f08d17a0ba695187f99e2494977fb9bca53ef_59.dot
graph was duplicate
Checking out: a2870a1aeb534b5cb237f2cff9448ca714574b35, 60/10310
Building graph: animate_modules_a2870a1aeb534b5cb237f2cff9448ca714574b35_60.dot
graph was duplicate
Checking out: 8d5422f36b28bab67b4d13e4a3d2154d0c5024f8, 61/10310
Building graph: animate_modules_8d5422f36b28bab67b4d13e4a3d2154d0c5024f8_61.dot
rendering graph
Checking out: 5d49cbd35e815dd041e54da511bdd0eeafd400c0, 62/10310
Building graph: animate_modules_5d49cbd35e815dd041e54da511bdd0eeafd400c0_62.dot
rendering graph
Checking out: 6528082401100cd8ef26c8dc3e953b960a997827, 63/10310
Building graph: animate_modules_6528082401100cd8ef26c8dc3e953b960a997827_63.dot
rendering graph
Checking out: f130109b90d4f369a6d8d03c7a520e95db2e0d1f, 64/10310
Building graph: animate_modules_f130109b90d4f369a6d8d03c7a520e95db2e0d1f_64.dot
rendering graph
Checking out: 5b852f8d2ad6e2d9713e894bbb80489c1d383847, 65/10310
Building graph: animate_modules_5b852f8d2ad6e2d9713e894bbb80489c1d383847_65.dot
graph was duplicate
Checking out: 624abeec5c3b9f5c27cffe6d157617aa97367e92, 66/10310
Building graph: animate_modules_624abeec5c3b9f5c27cffe6d157617aa97367e92_66.dot
rendering graph
Checking out: 6d74b357511a3d84eb27d18dff51383cfa869cb5, 67/10310
Building graph: animate_modules_6d74b357511a3d84eb27d18dff51383cfa869cb5_67.dot
graph was duplicate
Checking out: 1d9c2770e3025b1b08463577eac499eb475e5bcf, 68/10310
Building graph: animate_modules_1d9c2770e3025b1b08463577eac499eb475e5bcf_68.dot
graph was duplicate
Checking out: 021e5ac89d4423e844a741801d6dc59a3edafa51, 69/10310
Building graph: animate_modules_021e5ac89d4423e844a741801d6dc59a3edafa51_69.dot
graph was duplicate
Checking out: 4ce07c20d7f06da3519fa601b9d3df94a16d507e, 70/10310
Building graph: animate_modules_4ce07c20d7f06da3519fa601b9d3df94a16d507e_70.dot
rendering graph
Checking out: 53c48dd2c9417916bfaa15be15fad992c9659af9, 71/10310
Building graph: animate_modules_53c48dd2c9417916bfaa15be15fad992c9659af9_71.dot
graph was duplicate
Checking out: 0b66b5652393673fe0b49581e7afdd822020071c, 72/10310
Building graph: animate_modules_0b66b5652393673fe0b49581e7afdd822020071c_72.dot
graph was duplicate
Checking out: 2afca42f777c1e15843f8895c0d3b959f9320f11, 73/10310
Building graph: animate_modules_2afca42f777c1e15843f8895c0d3b959f9320f11_73.dot
graph was duplicate
Checking out: da72d0f412559fa0ee719329e3de61d387a31ceb, 74/10310
Building graph: animate_modules_da72d0f412559fa0ee719329e3de61d387a31ceb_74.dot
graph was duplicate
Checking out: 206545c6756f7d4dec4c4761d8e256c2c0dfa33a, 75/10310
Building graph: animate_modules_206545c6756f7d4dec4c4761d8e256c2c0dfa33a_75.dot
graph was duplicate
Checking out: 9f888659f77866cd0e5efe454a1c66ac8ec580cf, 76/10310
Building graph: animate_modules_9f888659f77866cd0e5efe454a1c66ac8ec580cf_76.dot
graph was duplicate
Checking out: c5ba3b8ee32704f1fdf241480ba64950f8ceedd8, 77/10310
Building graph: animate_modules_c5ba3b8ee32704f1fdf241480ba64950f8ceedd8_77.dot
graph was duplicate
Checking out: 49007ded7b7a64cf9c875f23e9c59a966e1284c8, 78/10310
Building graph: animate_modules_49007ded7b7a64cf9c875f23e9c59a966e1284c8_78.dot
graph was duplicate
Checking out: 13f7c2cf83c74c3dd22f355111d856fbfe7d3378, 79/10310
Building graph: animate_modules_13f7c2cf83c74c3dd22f355111d856fbfe7d3378_79.dot
graph was duplicate
Checking out: e3f01235e9966d662bb956dbdc66c0f64c759d0a, 80/10310
Building graph: animate_modules_e3f01235e9966d662bb956dbdc66c0f64c759d0a_80.dot
graph was duplicate
Checking out: 87e16563f4513c22a3656707550736d74246cd5e, 81/10310
Building graph: animate_modules_87e16563f4513c22a3656707550736d74246cd5e_81.dot
graph was duplicate
Checking out: f5e021998efcebb32d03bd03ace57c825f55a20d, 82/10310
Building graph: animate_modules_f5e021998efcebb32d03bd03ace57c825f55a20d_82.dot
graph was duplicate
Checking out: bf944e0aeb60ed831549b7dce485e703dc8363c9, 83/10310
Building graph: animate_modules_bf944e0aeb60ed831549b7dce485e703dc8363c9_83.dot
graph was duplicate
Checking out: 1d8f2edff04068b4d404b4a0338ef3f90173efd4, 84/10310
Building graph: animate_modules_1d8f2edff04068b4d404b4a0338ef3f90173efd4_84.dot
graph was duplicate
Checking out: 78b142b880730bceaae7b9c0491e7f645d133380, 85/10310
Building graph: animate_modules_78b142b880730bceaae7b9c0491e7f645d133380_85.dot
graph was duplicate
Checking out: 9f2707818bc125c0c14ab9d6c238c48bc00f2447, 86/10310
Building graph: animate_modules_9f2707818bc125c0c14ab9d6c238c48bc00f2447_86.dot
graph was duplicate
Checking out: 5e3b465cd6418c08e1eef11cf336588eac483bad, 87/10310
Building graph: animate_modules_5e3b465cd6418c08e1eef11cf336588eac483bad_87.dot
graph was duplicate
Checking out: b017ddf0440c64d9ea8c52959b2f6fdaab2e151b, 88/10310
Building graph: animate_modules_b017ddf0440c64d9ea8c52959b2f6fdaab2e151b_88.dot
graph was duplicate
Checking out: ecc3f09dfc078a87012aafe94ec7d6c45ce00d53, 89/10310
Building graph: animate_modules_ecc3f09dfc078a87012aafe94ec7d6c45ce00d53_89.dot
graph was duplicate
Checking out: 00b9ca018f47a6621c3e8a203827f48b2823ceb0, 90/10310
Building graph: animate_modules_00b9ca018f47a6621c3e8a203827f48b2823ceb0_90.dot
graph was duplicate
Checking out: 5ca99f2cea6e3ced61066b16328d6fe4e1871780, 91/10310
Building graph: animate_modules_5ca99f2cea6e3ced61066b16328d6fe4e1871780_91.dot
graph was duplicate
Checking out: ae6ba1533bbe79bc82d2b3fc47dc3cde55bf7370, 92/10310
Building graph: animate_modules_ae6ba1533bbe79bc82d2b3fc47dc3cde55bf7370_92.dot
graph was duplicate
Checking out: b6cec3da3fc598df8ee1e317e405a61fa145dfd8, 93/10310
Building graph: animate_modules_b6cec3da3fc598df8ee1e317e405a61fa145dfd8_93.dot
graph was duplicate
Checking out: f277ac1338532097d4a59f861e7bb92cebd1b836, 94/10310
Building graph: animate_modules_f277ac1338532097d4a59f861e7bb92cebd1b836_94.dot
graph was duplicate
Checking out: 967a54dea30c6e7ff0ea8eb9f4ee41a12167b475, 95/10310
Building graph: animate_modules_967a54dea30c6e7ff0ea8eb9f4ee41a12167b475_95.dot
graph was duplicate
Checking out: f5dec4bdc12e5ba895458ba117e0966a78b3c790, 96/10310
Building graph: animate_modules_f5dec4bdc12e5ba895458ba117e0966a78b3c790_96.dot
graph was duplicate
Checking out: 043740d32baa9bf5c58409c2a8ace5a196283fa8, 97/10310
Building graph: animate_modules_043740d32baa9bf5c58409c2a8ace5a196283fa8_97.dot
graph was duplicate
Checking out: 458e633bc40e1dc1dd2547fe1cc77677599c26d5, 98/10310
Building graph: animate_modules_458e633bc40e1dc1dd2547fe1cc77677599c26d5_98.dot
rendering graph
Checking out: b70079fbfa73dff4a3d94de1aa3d8b804fc9520b, 99/10310
Building graph: animate_modules_b70079fbfa73dff4a3d94de1aa3d8b804fc9520b_99.dot
graph was duplicate
Checking out: a2e327f0db6be6999d575a3562007202b72153cf, 100/10310
Building graph: animate_modules_a2e327f0db6be6999d575a3562007202b72153cf_100.dot
graph was duplicate
Checking out: 5942da4ff70ec47054032f334194c38e1c9e1c6d, 101/10310
Building graph: animate_modules_5942da4ff70ec47054032f334194c38e1c9e1c6d_101.dot
graph was duplicate
Checking out: f492f5a6dd991530241529d1110e73260d3a1d43, 102/10310
Building graph: animate_modules_f492f5a6dd991530241529d1110e73260d3a1d43_102.dot
graph was duplicate
Checking out: 3a22907306992f2dd1b6bcb548633734c0c9a1b1, 103/10310
Building graph: animate_modules_3a22907306992f2dd1b6bcb548633734c0c9a1b1_103.dot
graph was duplicate
Checking out: 0d935bd081bb4013168dc114461ab7c47fec2f44, 104/10310
Building graph: animate_modules_0d935bd081bb4013168dc114461ab7c47fec2f44_104.dot
graph was duplicate
Checking out: 4f564b92030168a5416f8ca07530d189f3a6f277, 105/10310
Building graph: animate_modules_4f564b92030168a5416f8ca07530d189f3a6f277_105.dot
graph was duplicate
Checking out: 856bc54526fc01b48a2d770406fcb9aaa2fa5da3, 106/10310
Building graph: animate_modules_856bc54526fc01b48a2d770406fcb9aaa2fa5da3_106.dot
graph was duplicate
Checking out: bdb911550c2894925be6893a5d93fca484448dd4, 107/10310
Building graph: animate_modules_bdb911550c2894925be6893a5d93fca484448dd4_107.dot
graph was duplicate
Checking out: 7c8a6feaf2d494b9623ef5af9022580a7e4c3c16, 108/10310
Building graph: animate_modules_7c8a6feaf2d494b9623ef5af9022580a7e4c3c16_108.dot
graph was duplicate
Checking out: 85f8d9285063767e52266243d2b10af1cbe5f856, 109/10310
Building graph: animate_modules_85f8d9285063767e52266243d2b10af1cbe5f856_109.dot
graph was duplicate
Checking out: bf15258d3b18bd2a7daae803b52a9b851eb204eb, 110/10310
Building graph: animate_modules_bf15258d3b18bd2a7daae803b52a9b851eb204eb_110.dot
graph was duplicate
Checking out: 41dc65b37f19fefb5036d40d631a9d29561dc422, 111/10310
Building graph: animate_modules_41dc65b37f19fefb5036d40d631a9d29561dc422_111.dot
rendering graph
Checking out: 101aece6cc03eb8dc434f2ff23bd4d66198fb592, 112/10310
Building graph: animate_modules_101aece6cc03eb8dc434f2ff23bd4d66198fb592_112.dot
graph was duplicate
Checking out: 02d85469abcb06f10b22ef461e2152c84f12394b, 113/10310
Building graph: animate_modules_02d85469abcb06f10b22ef461e2152c84f12394b_113.dot
graph was duplicate
Checking out: 6aae43998082280a356e2dda3df77c021abed58f, 114/10310
Building graph: animate_modules_6aae43998082280a356e2dda3df77c021abed58f_114.dot
graph was duplicate
Checking out: 13990c05017baa473f77f1c827d902b40f42b6a4, 115/10310
Building graph: animate_modules_13990c05017baa473f77f1c827d902b40f42b6a4_115.dot
graph was duplicate
Checking out: 1ce736c2dfdb6c3ecbadc5b7d28a091e86d172ec, 116/10310
Building graph: animate_modules_1ce736c2dfdb6c3ecbadc5b7d28a091e86d172ec_116.dot
graph was duplicate
Checking out: 143ec05bd9c34e5e018e9068b8277e2fc1970a57, 117/10310
Building graph: animate_modules_143ec05bd9c34e5e018e9068b8277e2fc1970a57_117.dot
graph was duplicate
Checking out: 5af89c5e86fff03761114b9df89dc5b4b1842e2b, 118/10310
Building graph: animate_modules_5af89c5e86fff03761114b9df89dc5b4b1842e2b_118.dot
graph was duplicate
Checking out: cd00225219f2d71d74a61d99df4906dfb92e3797, 119/10310
Building graph: animate_modules_cd00225219f2d71d74a61d99df4906dfb92e3797_119.dot
graph was duplicate
Checking out: 2f5cca85fa1842a3265aed949502f5811ead51a6, 120/10310
Building graph: animate_modules_2f5cca85fa1842a3265aed949502f5811ead51a6_120.dot
graph was duplicate
Checking out: 576ed3f41625c0b245ecbfdc47bf6d1878785365, 121/10310
Building graph: animate_modules_576ed3f41625c0b245ecbfdc47bf6d1878785365_121.dot
graph was duplicate
Checking out: dcc6e6b777ff6f35331118346ee2ebe845740e7e, 122/10310
Building graph: animate_modules_dcc6e6b777ff6f35331118346ee2ebe845740e7e_122.dot
graph was duplicate
Checking out: ff6fd1a9b02fb1a2d7b37adae1e9958ae5417bb2, 123/10310
Building graph: animate_modules_ff6fd1a9b02fb1a2d7b37adae1e9958ae5417bb2_123.dot
graph was duplicate
Checking out: 11834216efe640bade48e17ce28d1349f67f9c1d, 124/10310
Building graph: animate_modules_11834216efe640bade48e17ce28d1349f67f9c1d_124.dot
graph was duplicate
Checking out: 7c7f3a89d1e559b659ff75bf44a23bdbca4562e5, 125/10310
Building graph: animate_modules_7c7f3a89d1e559b659ff75bf44a23bdbca4562e5_125.dot
graph was duplicate
Checking out: 06a672dd4fbb3fc4c1e49b4a3a63e795c3e2e14f, 126/10310
Building graph: animate_modules_06a672dd4fbb3fc4c1e49b4a3a63e795c3e2e14f_126.dot
graph was duplicate
Checking out: 10238f059ba91d484e9e930d86282a3608c6fcaf, 127/10310
Building graph: animate_modules_10238f059ba91d484e9e930d86282a3608c6fcaf_127.dot
graph was duplicate
Checking out: a55a1e3a573d554677a85f2398e975ab71846997, 128/10310
Building graph: animate_modules_a55a1e3a573d554677a85f2398e975ab71846997_128.dot
graph was duplicate
Checking out: 09e132726d379e3f4e34de5700ae34cad3002f4b, 129/10310
Building graph: animate_modules_09e132726d379e3f4e34de5700ae34cad3002f4b_129.dot
graph was duplicate
Checking out: a5b71a3c7f177248e0058b8287358f5fca8517b1, 130/10310
Building graph: animate_modules_a5b71a3c7f177248e0058b8287358f5fca8517b1_130.dot
graph was duplicate
Checking out: 2e90e2932cb0195be2e5955ce7c52616a2b7414a, 131/10310
Building graph: animate_modules_2e90e2932cb0195be2e5955ce7c52616a2b7414a_131.dot
graph was duplicate
Checking out: 2746f73093dcf126977ae3cfa89dda1297d0dcec, 132/10310
Building graph: animate_modules_2746f73093dcf126977ae3cfa89dda1297d0dcec_132.dot
graph was duplicate
Checking out: f6fde0ae5ea21d91d610c21c0488029f9c26ca3f, 133/10310
Building graph: animate_modules_f6fde0ae5ea21d91d610c21c0488029f9c26ca3f_133.dot
graph was duplicate
Checking out: 053a1dcd102c5198267734ce140fff3aa9c08bac, 134/10310
Building graph: animate_modules_053a1dcd102c5198267734ce140fff3aa9c08bac_134.dot
graph was duplicate
Checking out: b9d73428c7d420cf7f07e4e20263d5d705c73f85, 135/10310
Building graph: animate_modules_b9d73428c7d420cf7f07e4e20263d5d705c73f85_135.dot
graph was duplicate
Checking out: 509e88374bc726f4d1dfe7c7b823ce85994d43e4, 136/10310
Building graph: animate_modules_509e88374bc726f4d1dfe7c7b823ce85994d43e4_136.dot
graph was duplicate
Checking out: 84a4d3685cda5df3e69599afbbde8a8ec556a800, 137/10310
Building graph: animate_modules_84a4d3685cda5df3e69599afbbde8a8ec556a800_137.dot
graph was duplicate
Checking out: 5733183b3de4ab93a1341410eef4249f09648f3f, 138/10310
Building graph: animate_modules_5733183b3de4ab93a1341410eef4249f09648f3f_138.dot
graph was duplicate
Checking out: 4f43a1d250287e8d89ee5cd3c8b020ea6fe83758, 139/10310
Building graph: animate_modules_4f43a1d250287e8d89ee5cd3c8b020ea6fe83758_139.dot
graph was duplicate
Checking out: ecc46e229fde934f163d1f646383d24bfe2039e1, 140/10310
Building graph: animate_modules_ecc46e229fde934f163d1f646383d24bfe2039e1_140.dot
graph was duplicate
Checking out: e6b04fa0cfbb9453dbb203a71740ef6c3404d589, 141/10310
Building graph: animate_modules_e6b04fa0cfbb9453dbb203a71740ef6c3404d589_141.dot
graph was duplicate
Checking out: 3f30455b4989e7a31a59b7278175476cfd95d41d, 142/10310
Building graph: animate_modules_3f30455b4989e7a31a59b7278175476cfd95d41d_142.dot
graph was duplicate
Checking out: 836153de43933dca3205e4459f55979d467f927e, 143/10310
Building graph: animate_modules_836153de43933dca3205e4459f55979d467f927e_143.dot
graph was duplicate
Checking out: a274e15f0d236140fec7e4554117fcb55a219566, 144/10310
Building graph: animate_modules_a274e15f0d236140fec7e4554117fcb55a219566_144.dot
graph was duplicate
Checking out: d6d4388f6f738f99c4b337645a1de715e699114d, 145/10310
Building graph: animate_modules_d6d4388f6f738f99c4b337645a1de715e699114d_145.dot
graph was duplicate
Checking out: 475b0dcb66c2a7cdc78022b4dcb7c7fbb17ab309, 146/10310
Building graph: animate_modules_475b0dcb66c2a7cdc78022b4dcb7c7fbb17ab309_146.dot
graph was duplicate
Checking out: e90c714c73be58ef09b08272c676f96e2a21c767, 147/10310
Building graph: animate_modules_e90c714c73be58ef09b08272c676f96e2a21c767_147.dot
graph was duplicate
Checking out: e0cf8e64b5c88f342fd8521509a2e4723e772828, 148/10310
Building graph: animate_modules_e0cf8e64b5c88f342fd8521509a2e4723e772828_148.dot
graph was duplicate
Checking out: debc6d13aa4aba79d957757ba8802cef65187afc, 149/10310
Building graph: animate_modules_debc6d13aa4aba79d957757ba8802cef65187afc_149.dot
graph was duplicate
Checking out: 07b06cb6e6948df98fb3ffe1e9c2673db158feb2, 150/10310
Building graph: animate_modules_07b06cb6e6948df98fb3ffe1e9c2673db158feb2_150.dot
graph was duplicate
Checking out: d5d6c9876da21e47bfb9d274648f27ea091ffa52, 151/10310
Building graph: animate_modules_d5d6c9876da21e47bfb9d274648f27ea091ffa52_151.dot
graph was duplicate
Checking out: 69e262fc5b9a85b1d36bec449a7a9418634189fe, 152/10310
Building graph: animate_modules_69e262fc5b9a85b1d36bec449a7a9418634189fe_152.dot
graph was duplicate
Checking out: 551aec7b01cd1b76b67d889ffd3ae069b4e13faf, 153/10310
Building graph: animate_modules_551aec7b01cd1b76b67d889ffd3ae069b4e13faf_153.dot
graph was duplicate
Checking out: bbfb6f0c3cda85588ae6a309a3402a48275e3b21, 154/10310
Building graph: animate_modules_bbfb6f0c3cda85588ae6a309a3402a48275e3b21_154.dot
graph was duplicate
Checking out: 4fc3f511863c578be6a3237d02133da25db0ce05, 155/10310
Building graph: animate_modules_4fc3f511863c578be6a3237d02133da25db0ce05_155.dot
graph was duplicate
Checking out: f654c2022f5625d98b1a8b746a7be9197deda747, 156/10310
Building graph: animate_modules_f654c2022f5625d98b1a8b746a7be9197deda747_156.dot
graph was duplicate
Checking out: 81b0b208278ea8982d6581bda0dc922c466df2a9, 157/10310
Building graph: animate_modules_81b0b208278ea8982d6581bda0dc922c466df2a9_157.dot
graph was duplicate
Checking out: 0d968c4bbbd9e9b718d6fa63814419866e670c95, 158/10310
Building graph: animate_modules_0d968c4bbbd9e9b718d6fa63814419866e670c95_158.dot
graph was duplicate
Checking out: 7f3b823998071e451c0571050d8115e948b67cc9, 159/10310
Building graph: animate_modules_7f3b823998071e451c0571050d8115e948b67cc9_159.dot
graph was duplicate
Checking out: 3f7cc5d83cbfa53e48af0ef4361366632f38039e, 160/10310
Building graph: animate_modules_3f7cc5d83cbfa53e48af0ef4361366632f38039e_160.dot
graph was duplicate
Checking out: 4962220315d5e2c429ab63f558381528e808eafd, 161/10310
Building graph: animate_modules_4962220315d5e2c429ab63f558381528e808eafd_161.dot
graph was duplicate
Checking out: 76442a791c4db9df43792dbd3733272607d4586e, 162/10310
Building graph: animate_modules_76442a791c4db9df43792dbd3733272607d4586e_162.dot
graph was duplicate
Checking out: 579e32408c34ffaf17fd57a76a6b84b11f763ec1, 163/10310
Building graph: animate_modules_579e32408c34ffaf17fd57a76a6b84b11f763ec1_163.dot
graph was duplicate
Checking out: 859815e4c768a90a896877bf6404f56ddab8a8f7, 164/10310
Building graph: animate_modules_859815e4c768a90a896877bf6404f56ddab8a8f7_164.dot
graph was duplicate
Checking out: 9cba3d22c42afc279f895bd68e8f5fa1ca910092, 165/10310
Building graph: animate_modules_9cba3d22c42afc279f895bd68e8f5fa1ca910092_165.dot
graph was duplicate
Checking out: f42839ee2c14cf707c1059c0b3f5e4b31c642efb, 166/10310
Building graph: animate_modules_f42839ee2c14cf707c1059c0b3f5e4b31c642efb_166.dot
graph was duplicate
Checking out: 7fa286fff1eb66ba7e2b2f6452fd06e293347d17, 167/10310
Building graph: animate_modules_7fa286fff1eb66ba7e2b2f6452fd06e293347d17_167.dot
rendering graph
Checking out: 9be2c7624cb0cf3ef63516e5df959672958058bc, 168/10310
Building graph: animate_modules_9be2c7624cb0cf3ef63516e5df959672958058bc_168.dot
graph was duplicate
Checking out: 820ee07f729e759d0e1da160c87b527881ee00e8, 169/10310
Building graph: animate_modules_820ee07f729e759d0e1da160c87b527881ee00e8_169.dot
rendering graph
Checking out: ec068f23184188ab8aec2ab7c78901843aa5fd61, 170/10310
Building graph: animate_modules_ec068f23184188ab8aec2ab7c78901843aa5fd61_170.dot
graph was duplicate
Checking out: 37778077debda3b1af80be92728c3a675f8ed384, 171/10310
Building graph: animate_modules_37778077debda3b1af80be92728c3a675f8ed384_171.dot
graph was duplicate
Checking out: 710c658d4fffb43b0005a6cb126307b387091d2e, 172/10310
Building graph: animate_modules_710c658d4fffb43b0005a6cb126307b387091d2e_172.dot
graph was duplicate
Checking out: f6fdad92a7b8e04707509f2673d339a0f538b9e0, 173/10310
Building graph: animate_modules_f6fdad92a7b8e04707509f2673d339a0f538b9e0_173.dot
graph was duplicate
Checking out: 13fc2b559840e3f893b6c01c68c542a17edd8480, 174/10310
Building graph: animate_modules_13fc2b559840e3f893b6c01c68c542a17edd8480_174.dot
graph was duplicate
Checking out: 246e8f081a0cc78fe67160124df9f2e54cd652a3, 175/10310
Building graph: animate_modules_246e8f081a0cc78fe67160124df9f2e54cd652a3_175.dot
graph was duplicate
Checking out: 108e429c8843992e892a8e129baa7152d5abc5f9, 176/10310
Building graph: animate_modules_108e429c8843992e892a8e129baa7152d5abc5f9_176.dot
graph was duplicate
Checking out: 6afdc89699e2c27d9561fd97da6e8703ece41086, 177/10310
Building graph: animate_modules_6afdc89699e2c27d9561fd97da6e8703ece41086_177.dot
graph was duplicate
Checking out: ac8e72a95d3a4f9f6988bcf4b1f12cb14ef7ec24, 178/10310
Building graph: animate_modules_ac8e72a95d3a4f9f6988bcf4b1f12cb14ef7ec24_178.dot
graph was duplicate
Checking out: bc8b4de3e81971eb0f05ed02b7b2ebaacc3d1959, 179/10310
Building graph: animate_modules_bc8b4de3e81971eb0f05ed02b7b2ebaacc3d1959_179.dot
graph was duplicate
Checking out: 12b792ba73996256002536bf540ad625d8d973d2, 180/10310
Building graph: animate_modules_12b792ba73996256002536bf540ad625d8d973d2_180.dot
graph was duplicate
Checking out: a8128831cf792db7d762413669730ec4f1dc8a97, 181/10310
Building graph: animate_modules_a8128831cf792db7d762413669730ec4f1dc8a97_181.dot
graph was duplicate
Checking out: da64e5baa4de1f2caa9b0e338af685d70bc32f29, 182/10310
Building graph: animate_modules_da64e5baa4de1f2caa9b0e338af685d70bc32f29_182.dot
graph was duplicate
Checking out: 346b10392f93fae682657c44399245250eddfee4, 183/10310
Building graph: animate_modules_346b10392f93fae682657c44399245250eddfee4_183.dot
graph was duplicate
Checking out: 8b575dbf845f82c6750a71f7372bae7067502554, 184/10310
Building graph: animate_modules_8b575dbf845f82c6750a71f7372bae7067502554_184.dot
graph was duplicate
Checking out: 90292067158ea59af0df036a4fefaf06a19acaa5, 185/10310
Building graph: animate_modules_90292067158ea59af0df036a4fefaf06a19acaa5_185.dot
graph was duplicate
Checking out: c45f3fe47f505a8add7b27d8d64fb644697a0a70, 186/10310
Building graph: animate_modules_c45f3fe47f505a8add7b27d8d64fb644697a0a70_186.dot
graph was duplicate
Checking out: 4496b0da0f6e70d26789389d86717c2314e3f761, 187/10310
Building graph: animate_modules_4496b0da0f6e70d26789389d86717c2314e3f761_187.dot
graph was duplicate
Checking out: f61a8454f226c265d2de9906b93dc0dbde562726, 188/10310
Building graph: animate_modules_f61a8454f226c265d2de9906b93dc0dbde562726_188.dot
graph was duplicate
Checking out: 0cf342df5a9ca26c71e94101a5e3aca4c83660f3, 189/10310
Building graph: animate_modules_0cf342df5a9ca26c71e94101a5e3aca4c83660f3_189.dot
graph was duplicate
Checking out: e4f1bf88e93ae9a331339071f631a5b5cd9ee346, 190/10310
Building graph: animate_modules_e4f1bf88e93ae9a331339071f631a5b5cd9ee346_190.dot
graph was duplicate
Checking out: 6db422abbe0eec5ce043d2a0f49383fd0a1ed10d, 191/10310
Building graph: animate_modules_6db422abbe0eec5ce043d2a0f49383fd0a1ed10d_191.dot
graph was duplicate
Checking out: 560855dd839f4627de479c700b087ce7600f244a, 192/10310
Building graph: animate_modules_560855dd839f4627de479c700b087ce7600f244a_192.dot
graph was duplicate
Checking out: 915775b8b08cdd2b0c51447a034f0dbeb6d59cec, 193/10310
Building graph: animate_modules_915775b8b08cdd2b0c51447a034f0dbeb6d59cec_193.dot
graph was duplicate
Checking out: eabb47335a1bc0002e8bfc5d0a962b3f68eadc5d, 194/10310
Building graph: animate_modules_eabb47335a1bc0002e8bfc5d0a962b3f68eadc5d_194.dot
graph was duplicate
Checking out: 19bab48dccd670e272a6f949321de5413eb96136, 195/10310
Building graph: animate_modules_19bab48dccd670e272a6f949321de5413eb96136_195.dot
rendering graph
Checking out: 98fd9a978ab82a8738f03583c19fafc54097d035, 196/10310
Building graph: animate_modules_98fd9a978ab82a8738f03583c19fafc54097d035_196.dot
rendering graph
Checking out: e10864d9d59ac292fbf69031263931a8f6c9209a, 197/10310
Building graph: animate_modules_e10864d9d59ac292fbf69031263931a8f6c9209a_197.dot
graph was duplicate
Checking out: 3494b6efd32bebb36e3bef204be6d51650ac6085, 198/10310
Building graph: animate_modules_3494b6efd32bebb36e3bef204be6d51650ac6085_198.dot
graph was duplicate
Checking out: d5770b74969ac60836e40ca6a95a38ac0bf3c3bf, 199/10310
Building graph: animate_modules_d5770b74969ac60836e40ca6a95a38ac0bf3c3bf_199.dot
rendering graph
Checking out: 60ace79b03e133521f1bdea8bf69f5db22dc5e88, 200/10310
Building graph: animate_modules_60ace79b03e133521f1bdea8bf69f5db22dc5e88_200.dot
graph was duplicate
Checking out: 51b7fe85a841272079fb59f23fd711643f18b96f, 201/10310
Building graph: animate_modules_51b7fe85a841272079fb59f23fd711643f18b96f_201.dot
graph was duplicate
Checking out: fa79e003b309fababbe70db946f88556bef3198c, 202/10310
Building graph: animate_modules_fa79e003b309fababbe70db946f88556bef3198c_202.dot
graph was duplicate
Checking out: ddd6a892470181b321ac2f80ffb76809f15419c8, 203/10310
Building graph: animate_modules_ddd6a892470181b321ac2f80ffb76809f15419c8_203.dot
graph was duplicate
Checking out: 999dd2a2393d750c96091e0d0aaf75cbb8e5e4df, 204/10310
Building graph: animate_modules_999dd2a2393d750c96091e0d0aaf75cbb8e5e4df_204.dot
graph was duplicate
Checking out: 2dd01b207170f30b7f6f2306c98e10ac14923c5e, 205/10310
Building graph: animate_modules_2dd01b207170f30b7f6f2306c98e10ac14923c5e_205.dot
graph was duplicate
Checking out: 90296d7e96de6c8a36192c6eb12b4cc42b673d1e, 206/10310
Building graph: animate_modules_90296d7e96de6c8a36192c6eb12b4cc42b673d1e_206.dot
rendering graph
Checking out: 3c93ac5cf0995cc2dd8bb5775029da550af61e0d, 207/10310
Building graph: animate_modules_3c93ac5cf0995cc2dd8bb5775029da550af61e0d_207.dot
graph was duplicate
Checking out: 2278cd5e772a9b8858b91c336c043a696480d25f, 208/10310
Building graph: animate_modules_2278cd5e772a9b8858b91c336c043a696480d25f_208.dot
graph was duplicate
Checking out: c1fbf7257b5a51325e4057ce4921c4cc2a484d61, 209/10310
Building graph: animate_modules_c1fbf7257b5a51325e4057ce4921c4cc2a484d61_209.dot
graph was duplicate
Checking out: c6b5d651611178dab3e56772f6fba0db55a2e75d, 210/10310
Building graph: animate_modules_c6b5d651611178dab3e56772f6fba0db55a2e75d_210.dot
graph was duplicate
Checking out: e5c8b650041a270b58e2f72e18eb28a32f153954, 211/10310
Building graph: animate_modules_e5c8b650041a270b58e2f72e18eb28a32f153954_211.dot
graph was duplicate
Checking out: 2d443ecb07491f81e35b60d9c6cdd9041ab1c4dd, 212/10310
Building graph: animate_modules_2d443ecb07491f81e35b60d9c6cdd9041ab1c4dd_212.dot
graph was duplicate
Checking out: 0fd7ed0cab165821346b71055bd3ca7f94a825e4, 213/10310
Building graph: animate_modules_0fd7ed0cab165821346b71055bd3ca7f94a825e4_213.dot
rendering graph
Checking out: 52a4cf669970881424b426c654dc5a2f544786e3, 214/10310
Building graph: animate_modules_52a4cf669970881424b426c654dc5a2f544786e3_214.dot
graph was duplicate
Checking out: bbf1192b86547710adaa306811ecc2aa557702de, 215/10310
Building graph: animate_modules_bbf1192b86547710adaa306811ecc2aa557702de_215.dot
graph was duplicate
Checking out: 64b72e68a0cf8abfad3bb19d5ef45d3f1939b1c2, 216/10310
Building graph: animate_modules_64b72e68a0cf8abfad3bb19d5ef45d3f1939b1c2_216.dot
graph was duplicate
Checking out: c715fa7875b336e8f06d418fa0697cfb3c1cec25, 217/10310
Building graph: animate_modules_c715fa7875b336e8f06d418fa0697cfb3c1cec25_217.dot
graph was duplicate
Checking out: 62bc894f9e710f93ed28cd9d9e005ddb64adef32, 218/10310
Building graph: animate_modules_62bc894f9e710f93ed28cd9d9e005ddb64adef32_218.dot
graph was duplicate
Checking out: 40a55728bb5869aab38b1153adddef6db1995c74, 219/10310
Building graph: animate_modules_40a55728bb5869aab38b1153adddef6db1995c74_219.dot
graph was duplicate
Checking out: ffa3d7160ead338a75f04167bc4931b8b55d608c, 220/10310
Building graph: animate_modules_ffa3d7160ead338a75f04167bc4931b8b55d608c_220.dot
graph was duplicate
Checking out: 4371b07cd103863d8a0ec06fa4ecf78ad5eb3a27, 221/10310
Building graph: animate_modules_4371b07cd103863d8a0ec06fa4ecf78ad5eb3a27_221.dot
graph was duplicate
Checking out: 18da5443ff52ba5124e86998ad599b288a478bbc, 222/10310
Building graph: animate_modules_18da5443ff52ba5124e86998ad599b288a478bbc_222.dot
graph was duplicate
Checking out: ba6c19345728cb6f1fcc18198346613dc2ca40c5, 223/10310
Building graph: animate_modules_ba6c19345728cb6f1fcc18198346613dc2ca40c5_223.dot
graph was duplicate
Checking out: c9cc7e6ab6cc19b10962dd1019a4e1fb1dab0c7c, 224/10310
Building graph: animate_modules_c9cc7e6ab6cc19b10962dd1019a4e1fb1dab0c7c_224.dot
rendering graph
Checking out: f688086979307bb5c81ffe61ed09493bc72785a5, 225/10310
Building graph: animate_modules_f688086979307bb5c81ffe61ed09493bc72785a5_225.dot
graph was duplicate
Checking out: acfa846aab4ed2c5acb00c9d4eab6b80c13114fd, 226/10310
Building graph: animate_modules_acfa846aab4ed2c5acb00c9d4eab6b80c13114fd_226.dot
graph was duplicate
Checking out: 2e8722da6c732d2153ea055bd0961b4233f97c36, 227/10310
Building graph: animate_modules_2e8722da6c732d2153ea055bd0961b4233f97c36_227.dot
graph was duplicate
Checking out: a888083ee1b381e8f8abab58d7af83d88c5343d0, 228/10310
Building graph: animate_modules_a888083ee1b381e8f8abab58d7af83d88c5343d0_228.dot
graph was duplicate
Checking out: cc9e3a91724dff0b962d23a58c1188d60dee07dd, 229/10310
Building graph: animate_modules_cc9e3a91724dff0b962d23a58c1188d60dee07dd_229.dot
rendering graph
Checking out: ab9b9cf95bb86dbbad42e2c4de589ddd6ae2e8ec, 230/10310
Building graph: animate_modules_ab9b9cf95bb86dbbad42e2c4de589ddd6ae2e8ec_230.dot
graph was duplicate
Checking out: 8a35b44aaf82f0b6cf8384aa78d92f963ad7ee92, 231/10310
Building graph: animate_modules_8a35b44aaf82f0b6cf8384aa78d92f963ad7ee92_231.dot
graph was duplicate
Checking out: 3b2282c96234f6f8c82d86f124d43c949b44688d, 232/10310
Building graph: animate_modules_3b2282c96234f6f8c82d86f124d43c949b44688d_232.dot
graph was duplicate
Checking out: e19526846fb42e78e162343d1c959ad74a8e077e, 233/10310
Building graph: animate_modules_e19526846fb42e78e162343d1c959ad74a8e077e_233.dot
graph was duplicate
Checking out: cb4123841c5224c8862322d866ebb69153420b3e, 234/10310
Building graph: animate_modules_cb4123841c5224c8862322d866ebb69153420b3e_234.dot
graph was duplicate
Checking out: 1ce426a9cb9552a3388eb3d1b5e594ceb1d1f431, 235/10310
Building graph: animate_modules_1ce426a9cb9552a3388eb3d1b5e594ceb1d1f431_235.dot
graph was duplicate
Checking out: 152731b5900181b437749ac4d76ff4339977befb, 236/10310
Building graph: animate_modules_152731b5900181b437749ac4d76ff4339977befb_236.dot
graph was duplicate
Checking out: 56951b873e0177f7472249affcee40f6d58930c7, 237/10310
Building graph: animate_modules_56951b873e0177f7472249affcee40f6d58930c7_237.dot
graph was duplicate
Checking out: eb7f65305d10cf5be7028ee4efe47a8c2f3f0ae4, 238/10310
Building graph: animate_modules_eb7f65305d10cf5be7028ee4efe47a8c2f3f0ae4_238.dot
graph was duplicate
Checking out: c164c94d7994ec7b2cc0a5de1deeed319c8c63b4, 239/10310
Building graph: animate_modules_c164c94d7994ec7b2cc0a5de1deeed319c8c63b4_239.dot
graph was duplicate
Checking out: 2953983e9ec72c096fe3b2055640e76ab1949fa0, 240/10310
Building graph: animate_modules_2953983e9ec72c096fe3b2055640e76ab1949fa0_240.dot
graph was duplicate
Checking out: 9ef3d77652e54e5d3872c1ccfe29918ae2a703b1, 241/10310
Building graph: animate_modules_9ef3d77652e54e5d3872c1ccfe29918ae2a703b1_241.dot
graph was duplicate
Checking out: 87c9771e9aaf604c5a76b701f7839c3ca1e52c2d, 242/10310
Building graph: animate_modules_87c9771e9aaf604c5a76b701f7839c3ca1e52c2d_242.dot
graph was duplicate
Checking out: 27ba06fe8f3f48136b5df4c3c1d10e62b4762072, 243/10310
Building graph: animate_modules_27ba06fe8f3f48136b5df4c3c1d10e62b4762072_243.dot
graph was duplicate
Checking out: 0e3736422ee97a5cfedc255705f566a319f954f9, 244/10310
Building graph: animate_modules_0e3736422ee97a5cfedc255705f566a319f954f9_244.dot
graph was duplicate
Checking out: e23e1f3c22c865ba003c3bd32c5c05bef516c9e8, 245/10310
Building graph: animate_modules_e23e1f3c22c865ba003c3bd32c5c05bef516c9e8_245.dot
graph was duplicate
Checking out: 44e504853f62ed9383cf6e1e6dabb548637d3f53, 246/10310
Building graph: animate_modules_44e504853f62ed9383cf6e1e6dabb548637d3f53_246.dot
graph was duplicate
Checking out: d71165c8e2b348ee65c8d92d6ca5f8a24b1cfa92, 247/10310
Building graph: animate_modules_d71165c8e2b348ee65c8d92d6ca5f8a24b1cfa92_247.dot
graph was duplicate
Checking out: dc3ee500a0447dc258ae5b49cf5907cba0d407aa, 248/10310
Building graph: animate_modules_dc3ee500a0447dc258ae5b49cf5907cba0d407aa_248.dot
graph was duplicate
Checking out: 7e8cfc099017b554dc4105a8c56544867784a9f8, 249/10310
Building graph: animate_modules_7e8cfc099017b554dc4105a8c56544867784a9f8_249.dot
graph was duplicate
Checking out: 47455715d3bdfa5902d8ea90fbb2fd0a6f2d5815, 250/10310
Building graph: animate_modules_47455715d3bdfa5902d8ea90fbb2fd0a6f2d5815_250.dot
graph was duplicate
Checking out: 06ad9d08ea85cccc2668d61cd3bb4b2b1756a642, 251/10310
Building graph: animate_modules_06ad9d08ea85cccc2668d61cd3bb4b2b1756a642_251.dot
graph was duplicate
Checking out: 596257f3506e3c89d9471c0b0a1a8c560aba41b2, 252/10310
Building graph: animate_modules_596257f3506e3c89d9471c0b0a1a8c560aba41b2_252.dot
graph was duplicate
Checking out: b52cbb71c2cbd3a380c36877c3066e17660f1ade, 253/10310
Building graph: animate_modules_b52cbb71c2cbd3a380c36877c3066e17660f1ade_253.dot
graph was duplicate
Checking out: b5ae5373213634a92cb9cca6ae17e8df995e246c, 254/10310
Building graph: animate_modules_b5ae5373213634a92cb9cca6ae17e8df995e246c_254.dot
graph was duplicate
Checking out: 9e1d86638ce7ee9e22e0623f77ffe8609f552b15, 255/10310
Building graph: animate_modules_9e1d86638ce7ee9e22e0623f77ffe8609f552b15_255.dot
graph was duplicate
Checking out: ba4b9db16d5f8bdfb26f8c0d344bd8ce78cf8ddd, 256/10310
Building graph: animate_modules_ba4b9db16d5f8bdfb26f8c0d344bd8ce78cf8ddd_256.dot
graph was duplicate
Checking out: 718b2c5837f4a72a6ba58bc5c307431316e7d4dc, 257/10310
Building graph: animate_modules_718b2c5837f4a72a6ba58bc5c307431316e7d4dc_257.dot
graph was duplicate
Checking out: 9dea8a27e200fe620a36e20f6bbf64c7f1bdad94, 258/10310
Building graph: animate_modules_9dea8a27e200fe620a36e20f6bbf64c7f1bdad94_258.dot
graph was duplicate
Checking out: 1d498b0e35e4d52e966ccb536457d6234b2a571b, 259/10310
Building graph: animate_modules_1d498b0e35e4d52e966ccb536457d6234b2a571b_259.dot
graph was duplicate
Checking out: f2812e12eb090734fc7867291abce4bf77203400, 260/10310
Building graph: animate_modules_f2812e12eb090734fc7867291abce4bf77203400_260.dot
graph was duplicate
Checking out: ee5fe9bf2c0617ddbad0e517f78e7fffe4e737df, 261/10310
Building graph: animate_modules_ee5fe9bf2c0617ddbad0e517f78e7fffe4e737df_261.dot
graph was duplicate
Checking out: bb5f4c9b228c1ce7a04b0606d7e363328b89114b, 262/10310
Building graph: animate_modules_bb5f4c9b228c1ce7a04b0606d7e363328b89114b_262.dot
graph was duplicate
Checking out: 2af478c3b5c5b05f2b9862cc00673cdc56675ab7, 263/10310
Building graph: animate_modules_2af478c3b5c5b05f2b9862cc00673cdc56675ab7_263.dot
graph was duplicate
Checking out: c7e5543c293f08059a953aed2ca2039a3b1dd092, 264/10310
Building graph: animate_modules_c7e5543c293f08059a953aed2ca2039a3b1dd092_264.dot
graph was duplicate
Checking out: 4612a9a8c11313104ef733442e403f607bbcfb7e, 265/10310
Building graph: animate_modules_4612a9a8c11313104ef733442e403f607bbcfb7e_265.dot
graph was duplicate
Checking out: 0d1546328e38636be38ba669badba77f424484a3, 266/10310
Building graph: animate_modules_0d1546328e38636be38ba669badba77f424484a3_266.dot
graph was duplicate
Checking out: dd3ec34a3452ebc159ab201c643ad6d4738733ec, 267/10310
Building graph: animate_modules_dd3ec34a3452ebc159ab201c643ad6d4738733ec_267.dot
graph was duplicate
Checking out: 59a47454574d9eab424ef3d6d9ef6b238515f479, 268/10310
Building graph: animate_modules_59a47454574d9eab424ef3d6d9ef6b238515f479_268.dot
graph was duplicate
Checking out: 790dc2546b965853dbcaa8db1a36dd05b147ef85, 269/10310
Building graph: animate_modules_790dc2546b965853dbcaa8db1a36dd05b147ef85_269.dot
graph was duplicate
Checking out: 6b63b63f30c8d03575d99f300cca6e54b78d42eb, 270/10310
Building graph: animate_modules_6b63b63f30c8d03575d99f300cca6e54b78d42eb_270.dot
graph was duplicate
Checking out: 2c66a42ab81d40e771eda0f054c62f22ad45f3d0, 271/10310
Building graph: animate_modules_2c66a42ab81d40e771eda0f054c62f22ad45f3d0_271.dot
graph was duplicate
Checking out: 35f0567a8fe840ca65f8474d0293942c76a1220f, 272/10310
Building graph: animate_modules_35f0567a8fe840ca65f8474d0293942c76a1220f_272.dot
graph was duplicate
Checking out: ef4351c4d2dee9b392c80e439a3c0f0d60594a33, 273/10310
Building graph: animate_modules_ef4351c4d2dee9b392c80e439a3c0f0d60594a33_273.dot
graph was duplicate
Checking out: dd399594531ad3496c5d471af886573a4c099d9f, 274/10310
Building graph: animate_modules_dd399594531ad3496c5d471af886573a4c099d9f_274.dot
graph was duplicate
Checking out: 9b54b9461221f1bb34b8d3e6ffa0f43d5a9e6352, 275/10310
Building graph: animate_modules_9b54b9461221f1bb34b8d3e6ffa0f43d5a9e6352_275.dot
graph was duplicate
Checking out: e3c1449ae6c238f7195981f39bb505da0c69bc0c, 276/10310
Building graph: animate_modules_e3c1449ae6c238f7195981f39bb505da0c69bc0c_276.dot
graph was duplicate
Checking out: 28b736bf957da0df79ffb211fc5e7ec4ff713c4b, 277/10310
Building graph: animate_modules_28b736bf957da0df79ffb211fc5e7ec4ff713c4b_277.dot
graph was duplicate
Checking out: 4a07977715021da241b1bf5ab3e1ee62fef89fa1, 278/10310
Building graph: animate_modules_4a07977715021da241b1bf5ab3e1ee62fef89fa1_278.dot
graph was duplicate
Checking out: 3679d8d0bd0969d08142a2f6eb40b3a4bd0522d4, 279/10310
Building graph: animate_modules_3679d8d0bd0969d08142a2f6eb40b3a4bd0522d4_279.dot
graph was duplicate
Checking out: 9daf22fa615ad49b675e4e3aae722c982eb4cce3, 280/10310
Building graph: animate_modules_9daf22fa615ad49b675e4e3aae722c982eb4cce3_280.dot
graph was duplicate
Checking out: add3cf73a965fb7fa5b45f75442e386294c6fb47, 281/10310
Building graph: animate_modules_add3cf73a965fb7fa5b45f75442e386294c6fb47_281.dot
rendering graph
Checking out: dd217f75e50fdfaf990dd2ccbd08e42230765056, 282/10310
Building graph: animate_modules_dd217f75e50fdfaf990dd2ccbd08e42230765056_282.dot
rendering graph
Checking out: 23edb958dbf0210ff82fd0284563c8280ab79bf1, 283/10310
Building graph: animate_modules_23edb958dbf0210ff82fd0284563c8280ab79bf1_283.dot
graph was duplicate
Checking out: 9ddf84072b27553e9ffd578ae40003108f51015a, 284/10310
Building graph: animate_modules_9ddf84072b27553e9ffd578ae40003108f51015a_284.dot
rendering graph
Checking out: 9758720a24d7cc9782579bb237d747d32cf72835, 285/10310
Building graph: animate_modules_9758720a24d7cc9782579bb237d747d32cf72835_285.dot
graph was duplicate
Checking out: 279c254007601de5cb6a44e0d51522748880d732, 286/10310
Building graph: animate_modules_279c254007601de5cb6a44e0d51522748880d732_286.dot
graph was duplicate
Checking out: a848d3e031de78d848d4fda922bbc4c85114aa4f, 287/10310
Building graph: animate_modules_a848d3e031de78d848d4fda922bbc4c85114aa4f_287.dot
graph was duplicate
Checking out: af048816555046d83f2cc4813d61e0430321476e, 288/10310
Building graph: animate_modules_af048816555046d83f2cc4813d61e0430321476e_288.dot
graph was duplicate
Checking out: 32f9dbbae5e3e1cce43d372db5564da378947388, 289/10310
Building graph: animate_modules_32f9dbbae5e3e1cce43d372db5564da378947388_289.dot
rendering graph
Checking out: 239cfb7f00773e524a659f1e266c0ff210969d1a, 290/10310
Building graph: animate_modules_239cfb7f00773e524a659f1e266c0ff210969d1a_290.dot
graph was duplicate
Checking out: a5d7be075d6aa3afd817bfb754b5c84cac63614b, 291/10310
Building graph: animate_modules_a5d7be075d6aa3afd817bfb754b5c84cac63614b_291.dot
graph was duplicate
Checking out: de8c47eae807ae8ecc96eb24cd1fed6cf8e6b932, 292/10310
Building graph: animate_modules_de8c47eae807ae8ecc96eb24cd1fed6cf8e6b932_292.dot
graph was duplicate
Checking out: d85357139748ea657f030ab314c39e70f56764f4, 293/10310
Building graph: animate_modules_d85357139748ea657f030ab314c39e70f56764f4_293.dot
rendering graph
Checking out: 3c10951023bc9767a0281b861b53e2014e7b350c, 294/10310
Building graph: animate_modules_3c10951023bc9767a0281b861b53e2014e7b350c_294.dot
rendering graph
Checking out: 5b2c38a07db87318382efbcb94da2c349cb0a589, 295/10310
Building graph: animate_modules_5b2c38a07db87318382efbcb94da2c349cb0a589_295.dot
graph was duplicate
Checking out: bd3ea723717b54e3853487bee7a48947fb73b68a, 296/10310
Building graph: animate_modules_bd3ea723717b54e3853487bee7a48947fb73b68a_296.dot
graph was duplicate
Checking out: 5ad719c1fb6dbf06cbf4f48e57ae4a6d187e0a5e, 297/10310
Building graph: animate_modules_5ad719c1fb6dbf06cbf4f48e57ae4a6d187e0a5e_297.dot
rendering graph
Checking out: ab3c5065847f60f0c3f3b097331a28d27716dc8d, 298/10310
Building graph: animate_modules_ab3c5065847f60f0c3f3b097331a28d27716dc8d_298.dot
rendering graph
Checking out: 6ec7e39b4c525037c26f114e1db4a1afcf97daaa, 299/10310
Building graph: animate_modules_6ec7e39b4c525037c26f114e1db4a1afcf97daaa_299.dot
rendering graph
Checking out: 685e90cd4f25e75d80b07b8fa9d3cd63f5999555, 300/10310
Building graph: animate_modules_685e90cd4f25e75d80b07b8fa9d3cd63f5999555_300.dot
graph was duplicate
Checking out: 117a672c4da308f0b57dc9dff218a9dca443f1c4, 301/10310
Building graph: animate_modules_117a672c4da308f0b57dc9dff218a9dca443f1c4_301.dot
graph was duplicate
Checking out: c4f58684ee3a53367efe381db908e6d6664d90ce, 302/10310
Building graph: animate_modules_c4f58684ee3a53367efe381db908e6d6664d90ce_302.dot
graph was duplicate
Checking out: f76b4fc497706c4939c51138384ac1414b6f8b08, 303/10310
Building graph: animate_modules_f76b4fc497706c4939c51138384ac1414b6f8b08_303.dot
graph was duplicate
Checking out: d6c9e4f243438de767a2e3e2a08c5a0eb546023c, 304/10310
Building graph: animate_modules_d6c9e4f243438de767a2e3e2a08c5a0eb546023c_304.dot
graph was duplicate
Checking out: 4d0cb0b2fca905dd4d5f0655af1a68a8a7074588, 305/10310
Building graph: animate_modules_4d0cb0b2fca905dd4d5f0655af1a68a8a7074588_305.dot
graph was duplicate
Checking out: 4e53c7bf55354189a20423c2156963b779f0aa04, 306/10310
Building graph: animate_modules_4e53c7bf55354189a20423c2156963b779f0aa04_306.dot
graph was duplicate
Checking out: 3c8f0269f9be633453ecdde8771c7d0bee87691a, 307/10310
Building graph: animate_modules_3c8f0269f9be633453ecdde8771c7d0bee87691a_307.dot
graph was duplicate
Checking out: d035689a0646261d7a4731e39bce7dbf85187773, 308/10310
Building graph: animate_modules_d035689a0646261d7a4731e39bce7dbf85187773_308.dot
graph was duplicate
Checking out: 0405c5b461ee8d9a57eacc5ff2b44fafa5c0637f, 309/10310
Building graph: animate_modules_0405c5b461ee8d9a57eacc5ff2b44fafa5c0637f_309.dot
graph was duplicate
Checking out: 5d3573e780d5056c87bb64858ea0890a27bc1686, 310/10310
Building graph: animate_modules_5d3573e780d5056c87bb64858ea0890a27bc1686_310.dot
graph was duplicate
Checking out: 299e452463b07f16a434a847612cae1ab7a8132f, 311/10310
Building graph: animate_modules_299e452463b07f16a434a847612cae1ab7a8132f_311.dot
graph was duplicate
Checking out: 2b2dae8b471065a12ea2bd670e472317b1bd688a, 312/10310
Building graph: animate_modules_2b2dae8b471065a12ea2bd670e472317b1bd688a_312.dot
graph was duplicate
Checking out: f5c8dd2745710140fb6b9c9fcfae6d037fb70fd9, 313/10310
Building graph: animate_modules_f5c8dd2745710140fb6b9c9fcfae6d037fb70fd9_313.dot
graph was duplicate
Checking out: e45f87a3be12086f7f642fdbb407ce5f3bfe59d4, 314/10310
Building graph: animate_modules_e45f87a3be12086f7f642fdbb407ce5f3bfe59d4_314.dot
graph was duplicate
Checking out: b5e62a5c0963cf10338170a94f6a5a2c5b39ad1d, 315/10310
Building graph: animate_modules_b5e62a5c0963cf10338170a94f6a5a2c5b39ad1d_315.dot
graph was duplicate
Checking out: ac202e648b1c72e55737dc1e71ed94937ad5e835, 316/10310
Building graph: animate_modules_ac202e648b1c72e55737dc1e71ed94937ad5e835_316.dot
graph was duplicate
Checking out: 5d3c9e56460165be452b672f12fc476e7a5ed3a9, 317/10310
Building graph: animate_modules_5d3c9e56460165be452b672f12fc476e7a5ed3a9_317.dot
rendering graph
Checking out: 1e21cfb251506d42cbdcf3e24661f08633817572, 318/10310
Building graph: animate_modules_1e21cfb251506d42cbdcf3e24661f08633817572_318.dot
rendering graph
Checking out: ef8430e70269d0332f802986c9ef570faad8faa0, 319/10310
Building graph: animate_modules_ef8430e70269d0332f802986c9ef570faad8faa0_319.dot
graph was duplicate
Checking out: 46d3c95ecd863d1385299ffb8e2b330e1fbdb2c1, 320/10310
Building graph: animate_modules_46d3c95ecd863d1385299ffb8e2b330e1fbdb2c1_320.dot
graph was duplicate
Checking out: f6abf15832e4b41ed26b285b4a7c8f515ddb139f, 321/10310
Building graph: animate_modules_f6abf15832e4b41ed26b285b4a7c8f515ddb139f_321.dot
graph was duplicate
Checking out: c0cc9270cbfad719d4cd3b8c57060cb06d41fe78, 322/10310
Building graph: animate_modules_c0cc9270cbfad719d4cd3b8c57060cb06d41fe78_322.dot
graph was duplicate
Checking out: 70dc5834da16680caedef4727b1d7f335f0b5427, 323/10310
Building graph: animate_modules_70dc5834da16680caedef4727b1d7f335f0b5427_323.dot
graph was duplicate
Checking out: 808f6d3fa1816401d9eb1d6a5d1821fb783cc1d5, 324/10310
Building graph: animate_modules_808f6d3fa1816401d9eb1d6a5d1821fb783cc1d5_324.dot
graph was duplicate
Checking out: d35e396f3ceb64df61fea02164ab56f1c3b140a2, 325/10310
Building graph: animate_modules_d35e396f3ceb64df61fea02164ab56f1c3b140a2_325.dot
graph was duplicate
Checking out: bba76463404fff64f60e097886fa196b973ce539, 326/10310
Building graph: animate_modules_bba76463404fff64f60e097886fa196b973ce539_326.dot
graph was duplicate
Checking out: 79c3f57c4712ed2a1377a2692c11c80cfbeb6cb9, 327/10310
Building graph: animate_modules_79c3f57c4712ed2a1377a2692c11c80cfbeb6cb9_327.dot
graph was duplicate
Checking out: 3a3d661408db64ff26040f17bfb3b5153020024b, 328/10310
Building graph: animate_modules_3a3d661408db64ff26040f17bfb3b5153020024b_328.dot
rendering graph
Checking out: 044d58bb24cf41493222a14612e2de4f8d05ea6a, 329/10310
Building graph: animate_modules_044d58bb24cf41493222a14612e2de4f8d05ea6a_329.dot
graph was duplicate
Checking out: 61133b52687ac96dd4171d189d9770cae2ae7a6c, 330/10310
Building graph: animate_modules_61133b52687ac96dd4171d189d9770cae2ae7a6c_330.dot
graph was duplicate
Checking out: b88cd9c2ed6f9577e93e4466577a753c8579e3ad, 331/10310
Building graph: animate_modules_b88cd9c2ed6f9577e93e4466577a753c8579e3ad_331.dot
graph was duplicate
Checking out: a831a4f469e19559068df54a154bf6d630158103, 332/10310
Building graph: animate_modules_a831a4f469e19559068df54a154bf6d630158103_332.dot
graph was duplicate
Checking out: b94f1e2045d8113f57adabf6c4e475c744a8ce80, 333/10310
Building graph: animate_modules_b94f1e2045d8113f57adabf6c4e475c744a8ce80_333.dot
graph was duplicate
Checking out: 3361f85f8ea2d153d6f5457cbae511e33a09e994, 334/10310
Building graph: animate_modules_3361f85f8ea2d153d6f5457cbae511e33a09e994_334.dot
graph was duplicate
Checking out: 7888f49342d205973004c8d3e642b0d5d2f92e1a, 335/10310
Building graph: animate_modules_7888f49342d205973004c8d3e642b0d5d2f92e1a_335.dot
graph was duplicate
Checking out: fa0241592c0341c85246e94b5a0342ef3a301755, 336/10310
Building graph: animate_modules_fa0241592c0341c85246e94b5a0342ef3a301755_336.dot
rendering graph
Checking out: 17b667ec260547201e422de7da56816d97d73c3b, 337/10310
Building graph: animate_modules_17b667ec260547201e422de7da56816d97d73c3b_337.dot
rendering graph
Checking out: 935b16b38a710a26b06f0ae2ced5967429e010cc, 338/10310
Building graph: animate_modules_935b16b38a710a26b06f0ae2ced5967429e010cc_338.dot
graph was duplicate
Checking out: 52a8116e71636f05053c959675b3abcb745e921a, 339/10310
Building graph: animate_modules_52a8116e71636f05053c959675b3abcb745e921a_339.dot
graph was duplicate
Checking out: 440533643e768b584194aaac59e26e35d53f6745, 340/10310
Building graph: animate_modules_440533643e768b584194aaac59e26e35d53f6745_340.dot
rendering graph
Checking out: 3c7a3d378c6fdb026297aee10e4818267a8b86a8, 341/10310
Building graph: animate_modules_3c7a3d378c6fdb026297aee10e4818267a8b86a8_341.dot
graph was duplicate
Checking out: 4c64af4407776e6ceb2fcc8a803b83568b4c1964, 342/10310
Building graph: animate_modules_4c64af4407776e6ceb2fcc8a803b83568b4c1964_342.dot
rendering graph
Checking out: f9d0e1c89cf8deca97a005d8cd6d2d601e422e24, 343/10310
Building graph: animate_modules_f9d0e1c89cf8deca97a005d8cd6d2d601e422e24_343.dot
rendering graph
Checking out: 0abb9bdc546d8a675bdfae95f0c402b79db19df5, 344/10310
Building graph: animate_modules_0abb9bdc546d8a675bdfae95f0c402b79db19df5_344.dot
graph was duplicate
Checking out: ce73dec8338884b97ac5946cf2c42299d9caa0bd, 345/10310
Building graph: animate_modules_ce73dec8338884b97ac5946cf2c42299d9caa0bd_345.dot
rendering graph
Checking out: d9cdce4281254dce803e2fe21393eb3d40e2f875, 346/10310
Building graph: animate_modules_d9cdce4281254dce803e2fe21393eb3d40e2f875_346.dot
graph was duplicate
Checking out: 68edc9efbfd3af5583201ceb5f60e96d34aead1d, 347/10310
Building graph: animate_modules_68edc9efbfd3af5583201ceb5f60e96d34aead1d_347.dot
graph was duplicate
Checking out: ccfbc205ee0d79cce9d0fc99d8a83e1fa4a63067, 348/10310
Building graph: animate_modules_ccfbc205ee0d79cce9d0fc99d8a83e1fa4a63067_348.dot
graph was duplicate
Checking out: 7093a3b44cbd0b962c53a6e00db51d5de9a840f9, 349/10310
Building graph: animate_modules_7093a3b44cbd0b962c53a6e00db51d5de9a840f9_349.dot
graph was duplicate
Checking out: e86c337356fc723e366e5f0d6209205bcffe88f3, 350/10310
Building graph: animate_modules_e86c337356fc723e366e5f0d6209205bcffe88f3_350.dot
graph was duplicate
Checking out: ec1693505c65ef5dfca1df09d415f852a2787c15, 351/10310
Building graph: animate_modules_ec1693505c65ef5dfca1df09d415f852a2787c15_351.dot
graph was duplicate
Checking out: 7d23031b904d9371de8ce9ffe943e426bd5056c8, 352/10310
Building graph: animate_modules_7d23031b904d9371de8ce9ffe943e426bd5056c8_352.dot
graph was duplicate
Checking out: c66391eecbe77f8d3bac99488e7cb745cb23df6e, 353/10310
Building graph: animate_modules_c66391eecbe77f8d3bac99488e7cb745cb23df6e_353.dot
graph was duplicate
Checking out: 12850755a7cf7e2904da51e51956f05dfbd30089, 354/10310
Building graph: animate_modules_12850755a7cf7e2904da51e51956f05dfbd30089_354.dot
graph was duplicate
Checking out: 4e457868fa240cc018b448019c3a2d9c785bb864, 355/10310
Building graph: animate_modules_4e457868fa240cc018b448019c3a2d9c785bb864_355.dot
graph was duplicate
Checking out: 0c54bbcf1bd89367190ab80539a068e15dd9f83e, 356/10310
Building graph: animate_modules_0c54bbcf1bd89367190ab80539a068e15dd9f83e_356.dot
graph was duplicate
Checking out: 75fa1394815d70345d6c8132e9c05dc6fd70cca0, 357/10310
Building graph: animate_modules_75fa1394815d70345d6c8132e9c05dc6fd70cca0_357.dot
graph was duplicate
Checking out: a23c93aa742ea50a3f2940d4f1ef0cfd17e6e576, 358/10310
Building graph: animate_modules_a23c93aa742ea50a3f2940d4f1ef0cfd17e6e576_358.dot
graph was duplicate
Checking out: 7f56d08443b44aa64dba8634642d830c60cdb019, 359/10310
Building graph: animate_modules_7f56d08443b44aa64dba8634642d830c60cdb019_359.dot
graph was duplicate
Checking out: 166561cc8da7b22ecd7845f66daa1e8bb8080512, 360/10310
Building graph: animate_modules_166561cc8da7b22ecd7845f66daa1e8bb8080512_360.dot
graph was duplicate
Checking out: 51c0ae5a66b9cf58632cd9d8eb324802f60bd6e2, 361/10310
Building graph: animate_modules_51c0ae5a66b9cf58632cd9d8eb324802f60bd6e2_361.dot
graph was duplicate
Checking out: 1a5e494cb501a6110c619abdf443bb9895afe94a, 362/10310
Building graph: animate_modules_1a5e494cb501a6110c619abdf443bb9895afe94a_362.dot
graph was duplicate
Checking out: be6b43b14cbda3140ed05fcbaff0d3839cf18e48, 363/10310
Building graph: animate_modules_be6b43b14cbda3140ed05fcbaff0d3839cf18e48_363.dot
graph was duplicate
Checking out: 8fd51e12efba25d279e447bced9517984462059c, 364/10310
Building graph: animate_modules_8fd51e12efba25d279e447bced9517984462059c_364.dot
graph was duplicate
Checking out: b212a51062c1ea2ab6aa6c5fb9f777ef2e1f29aa, 365/10310
Building graph: animate_modules_b212a51062c1ea2ab6aa6c5fb9f777ef2e1f29aa_365.dot
rendering graph
Checking out: da4703236dbef86dd7fa036fb28fa43039e45146, 366/10310
Building graph: animate_modules_da4703236dbef86dd7fa036fb28fa43039e45146_366.dot
rendering graph
Checking out: 8cd0ebe303f096f63097742f5d38bbc7fd10fd3a, 367/10310
Building graph: animate_modules_8cd0ebe303f096f63097742f5d38bbc7fd10fd3a_367.dot
graph was duplicate
Checking out: 6cc673dbab15bc1aeb96564b7e23b8067a9ae924, 368/10310
Building graph: animate_modules_6cc673dbab15bc1aeb96564b7e23b8067a9ae924_368.dot
graph was duplicate
Checking out: 9734a598eae49f707bc04bee6a35c7220afc1640, 369/10310
Building graph: animate_modules_9734a598eae49f707bc04bee6a35c7220afc1640_369.dot
rendering graph
Checking out: 5e039d913f0f8db2e7fc8ea37dee30b174c4594f, 370/10310
Building graph: animate_modules_5e039d913f0f8db2e7fc8ea37dee30b174c4594f_370.dot
graph was duplicate
Checking out: 1cd785fe33231a15423dea7d26cb9a7d770a7ace, 371/10310
Building graph: animate_modules_1cd785fe33231a15423dea7d26cb9a7d770a7ace_371.dot
graph was duplicate
Checking out: 544494d0e234e899a45f02b185cf5a448787f786, 372/10310
Building graph: animate_modules_544494d0e234e899a45f02b185cf5a448787f786_372.dot
graph was duplicate
Checking out: bd1713a21b7ea8fc3e6020d4289ff2d6c4b6f5f9, 373/10310
Building graph: animate_modules_bd1713a21b7ea8fc3e6020d4289ff2d6c4b6f5f9_373.dot
graph was duplicate
Checking out: 67b6abc8065a290517ff1486d09b4e57fce19733, 374/10310
Building graph: animate_modules_67b6abc8065a290517ff1486d09b4e57fce19733_374.dot
graph was duplicate
Checking out: 677ff2aaea256b0793ab471aded7fdc72d47046f, 375/10310
Building graph: animate_modules_677ff2aaea256b0793ab471aded7fdc72d47046f_375.dot
graph was duplicate
Checking out: 04f08c39ef7eee817298046b16f654ae1f18e955, 376/10310
Building graph: animate_modules_04f08c39ef7eee817298046b16f654ae1f18e955_376.dot
graph was duplicate
Checking out: f6007e7146460643a8fe4a4d3434001c6ef136bb, 377/10310
Building graph: animate_modules_f6007e7146460643a8fe4a4d3434001c6ef136bb_377.dot
graph was duplicate
Checking out: 4066a385ace1cee53336bf4c10734239044a92ae, 378/10310
Building graph: animate_modules_4066a385ace1cee53336bf4c10734239044a92ae_378.dot
graph was duplicate
Checking out: d5b1c7b767a24bda592ea35902b8e1dc971d6d80, 379/10310
Building graph: animate_modules_d5b1c7b767a24bda592ea35902b8e1dc971d6d80_379.dot
rendering graph
Checking out: a7953a60b984474b6937e153c62f51b560e6f994, 380/10310
Building graph: animate_modules_a7953a60b984474b6937e153c62f51b560e6f994_380.dot
rendering graph
Checking out: e536c4d9c9c4ff73213dc0273654ea3e1916f22e, 381/10310
Building graph: animate_modules_e536c4d9c9c4ff73213dc0273654ea3e1916f22e_381.dot
graph was duplicate
Checking out: 6fd3cdac46f916b74d88aab696dc81c93581c162, 382/10310
Building graph: animate_modules_6fd3cdac46f916b74d88aab696dc81c93581c162_382.dot
graph was duplicate
Checking out: 3ae359721d174205582cd5bd3b13525493e10619, 383/10310
Building graph: animate_modules_3ae359721d174205582cd5bd3b13525493e10619_383.dot
graph was duplicate
Checking out: 12789fd42a15126751018f7a392d08a05c68c210, 384/10310
Building graph: animate_modules_12789fd42a15126751018f7a392d08a05c68c210_384.dot
graph was duplicate
Checking out: 00f634ba805bd767d0f66c7413b17efa0077e5fd, 385/10310
Building graph: animate_modules_00f634ba805bd767d0f66c7413b17efa0077e5fd_385.dot
graph was duplicate
Checking out: 6a2562efb5f3e6ba1ff79e00baef72f9b089dac4, 386/10310
Building graph: animate_modules_6a2562efb5f3e6ba1ff79e00baef72f9b089dac4_386.dot
graph was duplicate
Checking out: fac3953abf26d5b55fac9bdd6c74c0074660ab7a, 387/10310
Building graph: animate_modules_fac3953abf26d5b55fac9bdd6c74c0074660ab7a_387.dot
graph was duplicate
Checking out: ae60e0196c5c12d358002cf3251dfebf07c66da6, 388/10310
Building graph: animate_modules_ae60e0196c5c12d358002cf3251dfebf07c66da6_388.dot
graph was duplicate
Checking out: c58ecde93737aa68bd5dda9c4c72193dcaab3cf0, 389/10310
Building graph: animate_modules_c58ecde93737aa68bd5dda9c4c72193dcaab3cf0_389.dot
